{
  "stats": {
    "suites": 1,
    "tests": 20,
    "passes": 20,
    "pending": 0,
    "failures": 0,
    "start": "2026-06-13T23:55:59.230Z",
    "end": "2026-06-13T23:56:01.740Z",
    "duration": 2510,
    "testsRegistered": 20,
    "passPercent": 100,
    "pendingPercent": 0,
    "other": 0,
    "hasOther": false,
    "skipped": 0,
    "hasSkipped": false
  },
  "results": [
    {
      "uuid": "155b57ac-dc4e-4df4-ade7-61b9f79027f1",
      "title": "",
      "fullFile": "C:\\Projetos\\kpop-api-qa\\test\\integration\\groups.test.js",
      "file": "\\test\\integration\\groups.test.js",
      "beforeHooks": [],
      "afterHooks": [],
      "tests": [],
      "suites": [
        {
          "uuid": "6f1a3cd8-6870-44f7-87c9-64156b5094da",
          "title": "Groups API - /api/groups",
          "fullFile": "C:\\Projetos\\kpop-api-qa\\test\\integration\\groups.test.js",
          "file": "\\test\\integration\\groups.test.js",
          "beforeHooks": [
            {
              "title": "\"before all\" hook in \"Groups API - /api/groups\"",
              "fullTitle": "Groups API - /api/groups \"before all\" hook in \"Groups API - /api/groups\"",
              "timedOut": false,
              "duration": 1433,
              "state": null,
              "speed": null,
              "pass": false,
              "fail": false,
              "pending": false,
              "context": null,
              "code": "if (mongoose.connection.readyState === 0) {\n  await mongoose.connect(process.env.MONGODB_URI_TEST || process.env.MONGODB_URI);\n}\nawait Group.deleteMany({});\nconst bcrypt = require('bcryptjs');\nconst User = require('../../src/models/userModel');\nawait User.deleteMany({});\nconst hash = await bcrypt.hash('Admin2026!', 10);\nawait User.create({ username: 'admin', password: hash });\n\ntoken = await getToken();\nconst res = await request(app)\n  .post('/api/groups')\n  .set('Authorization', `Bearer ${token}`)\n  .send({\n    name: 'Group CRUD Test',\n    debutYear: 2020,\n    fandom: 'QA Fans',\n    generation: 4,\n    members: ['A', 'B']\n  });\ngroupId = res.body.data?._id;",
              "err": {},
              "uuid": "59ae1f01-9a85-4e2e-b091-1b3b6483c1a0",
              "parentUUID": "6f1a3cd8-6870-44f7-87c9-64156b5094da",
              "isHook": true,
              "skipped": false
            }
          ],
          "afterHooks": [],
          "tests": [
            {
              "title": "deve criar um grupo válido",
              "fullTitle": "Groups API - /api/groups deve criar um grupo válido",
              "timedOut": false,
              "duration": 45,
              "state": "passed",
              "speed": "medium",
              "pass": true,
              "fail": false,
              "pending": false,
              "context": null,
              "code": "const group = {\n  name: 'Group Name',\n  debutYear: 2020,\n  fandom: 'Fandom Name',\n  generation: 4,\n  members: ['Member1', 'Member2']\n};\nconst response = await request(app)\n  .post('/api/groups')\n  .set('Authorization', `Bearer ${token}`)\n  .send(group);\nexpect(response.status).to.equal(201);\nexpect(response.body.ok).to.equal(true);\nexpect(response.body.message).to.equal('Grupo criado com sucesso');\nexpect(response.body.data.name).to.equal(group.name);\nexpect(response.body.data.debutYear).to.equal(group.debutYear);\nexpect(response.body.data.fandom).to.equal(group.fandom);\nexpect(response.body.data.generation).to.equal(group.generation);\nexpect(response.body.data.members).to.deep.equal(group.members);",
              "err": {},
              "uuid": "5257128d-a542-49f9-82ed-4ad58fab1892",
              "parentUUID": "6f1a3cd8-6870-44f7-87c9-64156b5094da",
              "isHook": false,
              "skipped": false
            },
            {
              "title": "deve validar members como array de strings",
              "fullTitle": "Groups API - /api/groups deve validar members como array de strings",
              "timedOut": false,
              "duration": 14,
              "state": "passed",
              "speed": "fast",
              "pass": true,
              "fail": false,
              "pending": false,
              "context": null,
              "code": "const response = await request(app)\n  .post('/api/groups')\n  .set('Authorization', `Bearer ${token}`)\n  .send({\n    name: 'Invalid Group',\n    debutYear: 2021,\n    fandom: 'Invalid Fandom',\n    generation: 5,\n    members: 'Not an array'\n  });\nexpect(response.status).to.equal(400);",
              "err": {},
              "uuid": "15745b71-3ccb-48b8-af1a-98a49c330a08",
              "parentUUID": "6f1a3cd8-6870-44f7-87c9-64156b5094da",
              "isHook": false,
              "skipped": false
            },
            {
              "title": "não deve criar grupo sem token",
              "fullTitle": "Groups API - /api/groups não deve criar grupo sem token",
              "timedOut": false,
              "duration": 20,
              "state": "passed",
              "speed": "fast",
              "pass": true,
              "fail": false,
              "pending": false,
              "context": null,
              "code": "const response = await request(app)\n  .post('/api/groups')\n  .send({\n    name: 'Blackpink',\n    debutYear: 2016,\n    fandom: 'Blink',\n    generation: 3,\n    members: ['Jennie', 'Lisa']\n  });\nexpect(response.status).to.equal(401);",
              "err": {},
              "uuid": "bdbcd208-c0bd-40e9-b010-194e2c119c63",
              "parentUUID": "6f1a3cd8-6870-44f7-87c9-64156b5094da",
              "isHook": false,
              "skipped": false
            },
            {
              "title": "não deve criar grupo com campos vazios",
              "fullTitle": "Groups API - /api/groups não deve criar grupo com campos vazios",
              "timedOut": false,
              "duration": 15,
              "state": "passed",
              "speed": "fast",
              "pass": true,
              "fail": false,
              "pending": false,
              "context": null,
              "code": "const response = await request(app)\n  .post('/api/groups')\n  .set('Authorization', `Bearer ${token}`)\n  .send({\n    name: '',\n    debutYear: '',\n    fandom: '',\n    generation: '',\n    members: []\n  });\nexpect(response.status).to.equal(400);",
              "err": {},
              "uuid": "bac1a143-19cb-4f2a-a4aa-ff3f04182175",
              "parentUUID": "6f1a3cd8-6870-44f7-87c9-64156b5094da",
              "isHook": false,
              "skipped": false
            },
            {
              "title": "não deve criar grupo com nome duplicado",
              "fullTitle": "Groups API - /api/groups não deve criar grupo com nome duplicado",
              "timedOut": false,
              "duration": 74,
              "state": "passed",
              "speed": "medium",
              "pass": true,
              "fail": false,
              "pending": false,
              "context": null,
              "code": "const response = await request(app)\n  .post('/api/groups')\n  .set('Authorization', `Bearer ${token}`)\n  .send({\n    name: 'Group CRUD Test',\n    debutYear: 2013,\n    fandom: 'ARMY',\n    generation: 3,\n    members: ['RM', 'Jin']\n  });\nexpect(response.status).to.equal(400);\nexpect(response.body.message).to.include('já existe');",
              "err": {},
              "uuid": "ebe12c09-3648-49c5-9e22-fe58a19bb544",
              "parentUUID": "6f1a3cd8-6870-44f7-87c9-64156b5094da",
              "isHook": false,
              "skipped": false
            },
            {
              "title": "não deve criar grupo com debutYear como texto",
              "fullTitle": "Groups API - /api/groups não deve criar grupo com debutYear como texto",
              "timedOut": false,
              "duration": 10,
              "state": "passed",
              "speed": "fast",
              "pass": true,
              "fail": false,
              "pending": false,
              "context": null,
              "code": "const res = await request(app)\n  .post('/api/groups')\n  .set('Authorization', `Bearer ${token}`)\n  .send({\n    name: 'Grupo Inválido',\n    debutYear: 'dois mil',\n    fandom: 'Fandom',\n    generation: 1,\n    members: ['A']\n  });\nexpect(res.status).to.equal(400);\nexpect(res.body.ok).to.equal(false);",
              "err": {},
              "uuid": "5cd74bd2-4580-4e09-8e0a-2269fb8f1ac8",
              "parentUUID": "6f1a3cd8-6870-44f7-87c9-64156b5094da",
              "isHook": false,
              "skipped": false
            },
            {
              "title": "não deve criar grupo com generation negativo",
              "fullTitle": "Groups API - /api/groups não deve criar grupo com generation negativo",
              "timedOut": false,
              "duration": 18,
              "state": "passed",
              "speed": "fast",
              "pass": true,
              "fail": false,
              "pending": false,
              "context": null,
              "code": "const res = await request(app)\n  .post('/api/groups')\n  .set('Authorization', `Bearer ${token}`)\n  .send({\n    name: 'Grupo Generation Negativo',\n    debutYear: 2020,\n    fandom: 'Fandom',\n    generation: -1,\n    members: ['A']\n  });\nexpect(res.status).to.equal(400);\nexpect(res.body.message).to.include('positivo');",
              "err": {},
              "uuid": "38352899-5e4f-4b1d-a1d2-04b3219b2d7a",
              "parentUUID": "6f1a3cd8-6870-44f7-87c9-64156b5094da",
              "isHook": false,
              "skipped": false
            },
            {
              "title": "não deve criar grupo com name muito longo",
              "fullTitle": "Groups API - /api/groups não deve criar grupo com name muito longo",
              "timedOut": false,
              "duration": 33,
              "state": "passed",
              "speed": "fast",
              "pass": true,
              "fail": false,
              "pending": false,
              "context": null,
              "code": "const res = await request(app)\n  .post('/api/groups')\n  .set('Authorization', `Bearer ${token}`)\n  .send({\n    name: 'A'.repeat(500),\n    debutYear: 2020,\n    fandom: 'Fandom',\n    generation: 1,\n    members: ['A']\n  });\nexpect(res.status).to.equal(400);\nexpect(res.body.message).to.include('100 caracteres');",
              "err": {},
              "uuid": "8b81a45a-2d52-49a6-aa20-9509e2d6e4eb",
              "parentUUID": "6f1a3cd8-6870-44f7-87c9-64156b5094da",
              "isHook": false,
              "skipped": false
            },
            {
              "title": "deve listar grupos com autenticação",
              "fullTitle": "Groups API - /api/groups deve listar grupos com autenticação",
              "timedOut": false,
              "duration": 68,
              "state": "passed",
              "speed": "medium",
              "pass": true,
              "fail": false,
              "pending": false,
              "context": null,
              "code": "const response = await request(app)\n  .get('/api/groups')\n  .set('Authorization', `Bearer ${token}`);\nexpect(response.status).to.equal(200);",
              "err": {},
              "uuid": "de2f4d53-2416-48a2-968b-acf4a6492663",
              "parentUUID": "6f1a3cd8-6870-44f7-87c9-64156b5094da",
              "isHook": false,
              "skipped": false
            },
            {
              "title": "não deve listar grupos sem token",
              "fullTitle": "Groups API - /api/groups não deve listar grupos sem token",
              "timedOut": false,
              "duration": 10,
              "state": "passed",
              "speed": "fast",
              "pass": true,
              "fail": false,
              "pending": false,
              "context": null,
              "code": "const response = await request(app)\n  .get('/api/groups');\nexpect(response.status).to.equal(401);",
              "err": {},
              "uuid": "9666146a-74c9-4ef5-85d6-c29ed71dd6c8",
              "parentUUID": "6f1a3cd8-6870-44f7-87c9-64156b5094da",
              "isHook": false,
              "skipped": false
            },
            {
              "title": "deve retornar um grupo por ID válido",
              "fullTitle": "Groups API - /api/groups deve retornar um grupo por ID válido",
              "timedOut": false,
              "duration": 38,
              "state": "passed",
              "speed": "medium",
              "pass": true,
              "fail": false,
              "pending": false,
              "context": null,
              "code": "const res = await request(app)\n  .get(`/api/groups/${groupId}`)\n  .set('Authorization', `Bearer ${token}`);\nexpect(res.status).to.equal(200);\nexpect(res.body.ok).to.equal(true);\nexpect(res.body.data).to.have.property('_id');\nexpect(res.body.data).to.have.property('name');",
              "err": {},
              "uuid": "11fc61d3-1eb9-4f90-b84d-23887c760ba2",
              "parentUUID": "6f1a3cd8-6870-44f7-87c9-64156b5094da",
              "isHook": false,
              "skipped": false
            },
            {
              "title": "deve retornar 404 para ID inexistente",
              "fullTitle": "Groups API - /api/groups deve retornar 404 para ID inexistente",
              "timedOut": false,
              "duration": 34,
              "state": "passed",
              "speed": "fast",
              "pass": true,
              "fail": false,
              "pending": false,
              "context": null,
              "code": "const res = await request(app)\n  .get('/api/groups/000000000000000000000000')\n  .set('Authorization', `Bearer ${token}`);\nexpect(res.status).to.equal(404);\nexpect(res.body.ok).to.equal(false);",
              "err": {},
              "uuid": "ada212e1-5ca5-4046-b3f0-954c37657a91",
              "parentUUID": "6f1a3cd8-6870-44f7-87c9-64156b5094da",
              "isHook": false,
              "skipped": false
            },
            {
              "title": "deve retornar erro para ID inválido (texto)",
              "fullTitle": "Groups API - /api/groups deve retornar erro para ID inválido (texto)",
              "timedOut": false,
              "duration": 11,
              "state": "passed",
              "speed": "fast",
              "pass": true,
              "fail": false,
              "pending": false,
              "context": null,
              "code": "const res = await request(app)\n  .get('/api/groups/abc')\n  .set('Authorization', `Bearer ${token}`);\nexpect(res.status).to.equal(404);\nexpect(res.body.ok).to.equal(false);",
              "err": {},
              "uuid": "1effb082-0e6f-4a13-b4e3-0c4ad4f2ec35",
              "parentUUID": "6f1a3cd8-6870-44f7-87c9-64156b5094da",
              "isHook": false,
              "skipped": false
            },
            {
              "title": "deve atualizar um grupo existente",
              "fullTitle": "Groups API - /api/groups deve atualizar um grupo existente",
              "timedOut": false,
              "duration": 81,
              "state": "passed",
              "speed": "slow",
              "pass": true,
              "fail": false,
              "pending": false,
              "context": null,
              "code": "const response = await request(app)\n  .put(`/api/groups/${groupId}`)\n  .set('Authorization', `Bearer ${token}`)\n  .send({\n    name: 'Group Updated Name',\n    fandom: 'QA Fans',\n    debutYear: 2020\n  });\nexpect(response.status).to.equal(200);",
              "err": {},
              "uuid": "c8f77493-55b4-47aa-b931-332554481af0",
              "parentUUID": "6f1a3cd8-6870-44f7-87c9-64156b5094da",
              "isHook": false,
              "skipped": false
            },
            {
              "title": "deve retornar 404 ao atualizar ID inexistente",
              "fullTitle": "Groups API - /api/groups deve retornar 404 ao atualizar ID inexistente",
              "timedOut": false,
              "duration": 23,
              "state": "passed",
              "speed": "fast",
              "pass": true,
              "fail": false,
              "pending": false,
              "context": null,
              "code": "const res = await request(app)\n  .put('/api/groups/000000000000000000000000')\n  .set('Authorization', `Bearer ${token}`)\n  .send({ name: 'Grupo Inexistente', fandom: 'Fandom', debutYear: 2020 });\nexpect(res.status).to.equal(404);\nexpect(res.body.ok).to.equal(false);",
              "err": {},
              "uuid": "8b30f8f9-5d3a-47f0-aec1-2979aedf9c64",
              "parentUUID": "6f1a3cd8-6870-44f7-87c9-64156b5094da",
              "isHook": false,
              "skipped": false
            },
            {
              "title": "deve deletar um grupo existente",
              "fullTitle": "Groups API - /api/groups deve deletar um grupo existente",
              "timedOut": false,
              "duration": 37,
              "state": "passed",
              "speed": "fast",
              "pass": true,
              "fail": false,
              "pending": false,
              "context": null,
              "code": "const response = await request(app)\n  .delete(`/api/groups/${groupId}`)\n  .set('Authorization', `Bearer ${token}`);\nexpect(response.status).to.equal(200);",
              "err": {},
              "uuid": "4f62c2fb-9697-4182-a762-7dee3b324fa5",
              "parentUUID": "6f1a3cd8-6870-44f7-87c9-64156b5094da",
              "isHook": false,
              "skipped": false
            },
            {
              "title": "não deve encontrar grupo após deleção",
              "fullTitle": "Groups API - /api/groups não deve encontrar grupo após deleção",
              "timedOut": false,
              "duration": 24,
              "state": "passed",
              "speed": "fast",
              "pass": true,
              "fail": false,
              "pending": false,
              "context": null,
              "code": "const response = await request(app)\n  .get(`/api/groups/${groupId}`)\n  .set('Authorization', `Bearer ${token}`);\nexpect(response.status).to.equal(404);",
              "err": {},
              "uuid": "614dc5ad-ce56-4cbe-b480-644a6e2afc27",
              "parentUUID": "6f1a3cd8-6870-44f7-87c9-64156b5094da",
              "isHook": false,
              "skipped": false
            },
            {
              "title": "deve retornar 404 ao deletar ID inexistente",
              "fullTitle": "Groups API - /api/groups deve retornar 404 ao deletar ID inexistente",
              "timedOut": false,
              "duration": 30,
              "state": "passed",
              "speed": "fast",
              "pass": true,
              "fail": false,
              "pending": false,
              "context": null,
              "code": "const res = await request(app)\n  .delete('/api/groups/000000000000000000000000')\n  .set('Authorization', `Bearer ${token}`);\nexpect(res.status).to.equal(404);\nexpect(res.body.ok).to.equal(false);",
              "err": {},
              "uuid": "b3d4d258-7731-4d4a-8be9-84aea3cd6b8c",
              "parentUUID": "6f1a3cd8-6870-44f7-87c9-64156b5094da",
              "isHook": false,
              "skipped": false
            },
            {
              "title": "deve retornar erro ao fazer login com senha errada",
              "fullTitle": "Groups API - /api/groups deve retornar erro ao fazer login com senha errada",
              "timedOut": false,
              "duration": 375,
              "state": "passed",
              "speed": "slow",
              "pass": true,
              "fail": false,
              "pending": false,
              "context": null,
              "code": "const res = await request(app)\n  .post('/api/auth/login')\n  .send({ username: 'admin', password: 'senhaerrada' });\nexpect(res.status).to.equal(401);\nexpect(res.body.ok).to.equal(false);",
              "err": {},
              "uuid": "5205b4c5-6319-4d2f-8762-9419be324766",
              "parentUUID": "6f1a3cd8-6870-44f7-87c9-64156b5094da",
              "isHook": false,
              "skipped": false
            },
            {
              "title": "deve retornar erro ao fazer login com body vazio",
              "fullTitle": "Groups API - /api/groups deve retornar erro ao fazer login com body vazio",
              "timedOut": false,
              "duration": 6,
              "state": "passed",
              "speed": "fast",
              "pass": true,
              "fail": false,
              "pending": false,
              "context": null,
              "code": "const res = await request(app)\n  .post('/api/auth/login')\n  .send({});\nexpect(res.status).to.equal(400);\nexpect(res.body.ok).to.equal(false);",
              "err": {},
              "uuid": "c7d38426-aef9-4a69-8634-cd210632c6b6",
              "parentUUID": "6f1a3cd8-6870-44f7-87c9-64156b5094da",
              "isHook": false,
              "skipped": false
            }
          ],
          "suites": [],
          "passes": [
            "5257128d-a542-49f9-82ed-4ad58fab1892",
            "15745b71-3ccb-48b8-af1a-98a49c330a08",
            "bdbcd208-c0bd-40e9-b010-194e2c119c63",
            "bac1a143-19cb-4f2a-a4aa-ff3f04182175",
            "ebe12c09-3648-49c5-9e22-fe58a19bb544",
            "5cd74bd2-4580-4e09-8e0a-2269fb8f1ac8",
            "38352899-5e4f-4b1d-a1d2-04b3219b2d7a",
            "8b81a45a-2d52-49a6-aa20-9509e2d6e4eb",
            "de2f4d53-2416-48a2-968b-acf4a6492663",
            "9666146a-74c9-4ef5-85d6-c29ed71dd6c8",
            "11fc61d3-1eb9-4f90-b84d-23887c760ba2",
            "ada212e1-5ca5-4046-b3f0-954c37657a91",
            "1effb082-0e6f-4a13-b4e3-0c4ad4f2ec35",
            "c8f77493-55b4-47aa-b931-332554481af0",
            "8b30f8f9-5d3a-47f0-aec1-2979aedf9c64",
            "4f62c2fb-9697-4182-a762-7dee3b324fa5",
            "614dc5ad-ce56-4cbe-b480-644a6e2afc27",
            "b3d4d258-7731-4d4a-8be9-84aea3cd6b8c",
            "5205b4c5-6319-4d2f-8762-9419be324766",
            "c7d38426-aef9-4a69-8634-cd210632c6b6"
          ],
          "failures": [],
          "pending": [],
          "skipped": [],
          "duration": 966,
          "root": false,
          "rootEmpty": false,
          "_timeout": 10000
        }
      ],
      "passes": [],
      "failures": [],
      "pending": [],
      "skipped": [],
      "duration": 0,
      "root": true,
      "rootEmpty": true,
      "_timeout": 10000
    }
  ],
  "meta": {
    "mocha": {
      "version": "11.7.5"
    },
    "mochawesome": {
      "options": {
        "quiet": false,
        "reportFilename": "mochawesome",
        "saveHtml": true,
        "saveJson": true,
        "consoleReporter": "spec",
        "useInlineDiffs": false,
        "code": true
      },
      "version": "7.1.4"
    },
    "marge": {
      "options": {
        "reportDir": "mochawesome-report",
        "overwrite": "true",
        "html": "true",
        "json": "true"
      },
      "version": "6.3.2"
    }
  }
}