{
  "stats": {
    "suites": 1,
    "tests": 9,
    "passes": 9,
    "pending": 0,
    "failures": 0,
    "start": "2026-05-01T15:58:36.249Z",
    "end": "2026-05-01T15:58:36.400Z",
    "duration": 151,
    "testsRegistered": 9,
    "passPercent": 100,
    "pendingPercent": 0,
    "other": 0,
    "hasOther": false,
    "skipped": 0,
    "hasSkipped": false
  },
  "results": [
    {
      "uuid": "5b838d65-8744-4995-9317-a678be18f0fb",
      "title": "",
      "fullFile": "C:\\Projetos\\kpop-api-qa\\test\\integration\\groups.test.js",
      "file": "\\test\\integration\\groups.test.js",
      "beforeHooks": [],
      "afterHooks": [],
      "tests": [],
      "suites": [
        {
          "uuid": "42f2cd14-6b42-4389-b396-13b36d98da82",
          "title": "Groups API - /api/groups",
          "fullFile": "C:\\Projetos\\kpop-api-qa\\test\\integration\\groups.test.js",
          "file": "\\test\\integration\\groups.test.js",
          "beforeHooks": [
            {
              "title": "\"before all\" hook in \"Groups API - /api/groups\"",
              "fullTitle": "Groups API - /api/groups \"before all\" hook in \"Groups API - /api/groups\"",
              "timedOut": false,
              "duration": 71,
              "state": null,
              "speed": null,
              "pass": false,
              "fail": false,
              "pending": false,
              "context": null,
              "code": "token = await getToken();\nconst res = await request(app)\n  .post('/api/groups')\n  .set('Authorization', `Bearer ${token}`)\n  .send({\n    name: 'Group CRUD Test',\n    debutYear: 2020,\n    fandom: 'QA Fans',\n    generation: 4,\n    members: ['A', 'B']\n  });\ngroupId = res.body._id || res.body.id;",
              "err": {},
              "uuid": "d8a1fcb6-ede8-4d97-b70c-60be99a660ce",
              "parentUUID": "42f2cd14-6b42-4389-b396-13b36d98da82",
              "isHook": true,
              "skipped": false
            }
          ],
          "afterHooks": [],
          "tests": [
            {
              "title": "deve criar um grupo válido",
              "fullTitle": "Groups API - /api/groups deve criar um grupo válido",
              "timedOut": false,
              "duration": 7,
              "state": "passed",
              "speed": "fast",
              "pass": true,
              "fail": false,
              "pending": false,
              "context": null,
              "code": "const group = {\n  name: 'Group Name',\n  debutYear: 2020,\n  fandom: 'Fandom Name',\n  generation: 4,\n  members: ['Member1', 'Member2']\n};\nconst response = await request(app)\n  .post('/api/groups')\n  .set('Authorization', `Bearer ${token}`)\n  .send(group);\nexpect(response.status).to.equal(201);\nexpect(response.body.name).to.equal(group.name);\nexpect(response.body.debutYear).to.equal(group.debutYear);\nexpect(response.body.fandom).to.equal(group.fandom);\nexpect(response.body.generation).to.equal(group.generation);\nexpect(response.body.members).to.deep.equal(group.members);",
              "err": {},
              "uuid": "baa79fb4-b478-46b3-90ea-9a53aa7d725f",
              "parentUUID": "42f2cd14-6b42-4389-b396-13b36d98da82",
              "isHook": false,
              "skipped": false
            },
            {
              "title": "deve validar members como array de strings",
              "fullTitle": "Groups API - /api/groups deve validar members como array de strings",
              "timedOut": false,
              "duration": 8,
              "state": "passed",
              "speed": "fast",
              "pass": true,
              "fail": false,
              "pending": false,
              "context": null,
              "code": "const response = await request(app)\n  .post('/api/groups')\n  .set('Authorization', `Bearer ${token}`)\n  .send({\n    name: 'Invalid Group',\n    debutYear: 2021,\n    fandom: 'Invalid Fandom',\n    generation: 5,\n    members: 'Not an array'\n  });\nexpect(response.status).to.equal(400);",
              "err": {},
              "uuid": "db59f5ed-2ca5-4a3d-8223-9c686af55eed",
              "parentUUID": "42f2cd14-6b42-4389-b396-13b36d98da82",
              "isHook": false,
              "skipped": false
            },
            {
              "title": "não deve criar grupo sem token",
              "fullTitle": "Groups API - /api/groups não deve criar grupo sem token",
              "timedOut": false,
              "duration": 4,
              "state": "passed",
              "speed": "fast",
              "pass": true,
              "fail": false,
              "pending": false,
              "context": null,
              "code": "const group = {\n  name: 'Blackpink',\n  debutYear: 2016,\n  fandom: 'Blink',\n  generation: 3,\n  members: ['Jennie', 'Lisa']\n};\nconst response = await request(app)\n  .post('/api/groups')\n  .send(group);\nexpect(response.status).to.equal(401);",
              "err": {},
              "uuid": "bb0ce883-9d86-432c-955f-a45b2e3e1d35",
              "parentUUID": "42f2cd14-6b42-4389-b396-13b36d98da82",
              "isHook": false,
              "skipped": false
            },
            {
              "title": "não deve criar grupo com campos vazios",
              "fullTitle": "Groups API - /api/groups não deve criar grupo com campos vazios",
              "timedOut": false,
              "duration": 10,
              "state": "passed",
              "speed": "fast",
              "pass": true,
              "fail": false,
              "pending": false,
              "context": null,
              "code": "const response = await request(app)\n  .post('/api/groups')\n  .set('Authorization', `Bearer ${token}`)\n  .send({\n    name: '',\n    debutYear: '',\n    fandom: '',\n    generation: '',\n    members: []\n  });\nexpect(response.status).to.equal(400);",
              "err": {},
              "uuid": "78b14e3c-ea1d-4510-b8aa-32712af6f0c4",
              "parentUUID": "42f2cd14-6b42-4389-b396-13b36d98da82",
              "isHook": false,
              "skipped": false
            },
            {
              "title": "deve listar grupos com autenticação",
              "fullTitle": "Groups API - /api/groups deve listar grupos com autenticação",
              "timedOut": false,
              "duration": 7,
              "state": "passed",
              "speed": "fast",
              "pass": true,
              "fail": false,
              "pending": false,
              "context": null,
              "code": "const response = await request(app)\n  .get('/api/groups')\n  .set('Authorization', `Bearer ${token}`);\nexpect(response.status).to.equal(200);",
              "err": {},
              "uuid": "5b913b3a-7d8e-4eb1-a025-53ea50000e10",
              "parentUUID": "42f2cd14-6b42-4389-b396-13b36d98da82",
              "isHook": false,
              "skipped": false
            },
            {
              "title": "não deve listar grupos sem token",
              "fullTitle": "Groups API - /api/groups não deve listar grupos sem token",
              "timedOut": false,
              "duration": 7,
              "state": "passed",
              "speed": "fast",
              "pass": true,
              "fail": false,
              "pending": false,
              "context": null,
              "code": "const response = await request(app)\n  .get('/api/groups');\nexpect(response.status).to.equal(401);",
              "err": {},
              "uuid": "b4d3870d-332c-485d-bb84-7210fe7545e9",
              "parentUUID": "42f2cd14-6b42-4389-b396-13b36d98da82",
              "isHook": false,
              "skipped": false
            },
            {
              "title": "deve atualizar um grupo existente",
              "fullTitle": "Groups API - /api/groups deve atualizar um grupo existente",
              "timedOut": false,
              "duration": 8,
              "state": "passed",
              "speed": "fast",
              "pass": true,
              "fail": false,
              "pending": false,
              "context": null,
              "code": "const response = await request(app)\n  .put(`/api/groups/${groupId}`)\n  .set('Authorization', `Bearer ${token}`)\n  .send({\n    name: 'Group Updated Name'\n  });\nexpect(response.status).to.equal(200);",
              "err": {},
              "uuid": "c1cd7f33-101a-4454-ba16-60477b43b5f9",
              "parentUUID": "42f2cd14-6b42-4389-b396-13b36d98da82",
              "isHook": false,
              "skipped": false
            },
            {
              "title": "deve deletar um grupo existente",
              "fullTitle": "Groups API - /api/groups deve deletar um grupo existente",
              "timedOut": false,
              "duration": 8,
              "state": "passed",
              "speed": "fast",
              "pass": true,
              "fail": false,
              "pending": false,
              "context": null,
              "code": "const response = await request(app)\n  .delete(`/api/groups/${groupId}`)\n  .set('Authorization', `Bearer ${token}`);\nexpect(response.status).to.equal(200);",
              "err": {},
              "uuid": "7ec2f66f-14f9-4ca9-8d7c-8284f6acf964",
              "parentUUID": "42f2cd14-6b42-4389-b396-13b36d98da82",
              "isHook": false,
              "skipped": false
            },
            {
              "title": "não deve encontrar grupo após deleção",
              "fullTitle": "Groups API - /api/groups não deve encontrar grupo após deleção",
              "timedOut": false,
              "duration": 7,
              "state": "passed",
              "speed": "fast",
              "pass": true,
              "fail": false,
              "pending": false,
              "context": null,
              "code": "const response = await request(app)\n  .get(`/api/groups/${groupId}`)\n  .set('Authorization', `Bearer ${token}`);\nexpect(response.status).to.equal(404);",
              "err": {},
              "uuid": "30286e61-bf76-407a-92d7-426f1dee4388",
              "parentUUID": "42f2cd14-6b42-4389-b396-13b36d98da82",
              "isHook": false,
              "skipped": false
            }
          ],
          "suites": [],
          "passes": [
            "baa79fb4-b478-46b3-90ea-9a53aa7d725f",
            "db59f5ed-2ca5-4a3d-8223-9c686af55eed",
            "bb0ce883-9d86-432c-955f-a45b2e3e1d35",
            "78b14e3c-ea1d-4510-b8aa-32712af6f0c4",
            "5b913b3a-7d8e-4eb1-a025-53ea50000e10",
            "b4d3870d-332c-485d-bb84-7210fe7545e9",
            "c1cd7f33-101a-4454-ba16-60477b43b5f9",
            "7ec2f66f-14f9-4ca9-8d7c-8284f6acf964",
            "30286e61-bf76-407a-92d7-426f1dee4388"
          ],
          "failures": [],
          "pending": [],
          "skipped": [],
          "duration": 66,
          "root": false,
          "rootEmpty": false,
          "_timeout": 2000
        }
      ],
      "passes": [],
      "failures": [],
      "pending": [],
      "skipped": [],
      "duration": 0,
      "root": true,
      "rootEmpty": true,
      "_timeout": 2000
    }
  ],
  "meta": {
    "mocha": {
      "version": "11.7.5"
    },
    "mochawesome": {
      "options": {
        "quiet": false,
        "reportFilename": "mochawesome",
        "saveHtml": true,
        "saveJson": true,
        "consoleReporter": "spec",
        "useInlineDiffs": false,
        "code": true
      },
      "version": "7.1.4"
    },
    "marge": {
      "options": null,
      "version": "6.3.2"
    }
  }
}